Copyright 1986-2022 Xilinx, Inc. All Rights Reserved.
------------------------------------------------------------------------------------------------------------------------------------------------------------------------------------------------------------------------------
| Tool Version : Vivado v.2022.2 (win64) Build 3671981 Fri Oct 14 05:00:03 MDT 2022
| Date         : Fri Nov  3 20:26:22 2023
| Host         : DESKTOP-SPL8NC2 running 64-bit major release  (build 9200)
| Command      : report_timing_summary -max_paths 10 -report_unconstrained -file seg_counter_timing_summary_routed.rpt -pb seg_counter_timing_summary_routed.pb -rpx seg_counter_timing_summary_routed.rpx -warn_on_violation
| Design       : seg_counter
| Device       : 7s75-fgga484
| Speed File   : -1  PRODUCTION 1.23 2018-06-13
------------------------------------------------------------------------------------------------------------------------------------------------------------------------------------------------------------------------------

Timing Summary Report

------------------------------------------------------------------------------------------------
| Timer Settings
| --------------
------------------------------------------------------------------------------------------------

  Enable Multi Corner Analysis               :  Yes
  Enable Pessimism Removal                   :  Yes
  Pessimism Removal Resolution               :  Nearest Common Node
  Enable Input Delay Default Clock           :  No
  Enable Preset / Clear Arcs                 :  No
  Disable Flight Delays                      :  No
  Ignore I/O Paths                           :  No
  Timing Early Launch at Borrowing Latches   :  No
  Borrow Time for Max Delay Exceptions       :  Yes
  Merge Timing Exceptions                    :  Yes

  Corner  Analyze    Analyze    
  Name    Max Paths  Min Paths  
  ------  ---------  ---------  
  Slow    Yes        Yes        
  Fast    Yes        Yes        


------------------------------------------------------------------------------------------------
| Report Methodology
| ------------------
------------------------------------------------------------------------------------------------

Rule       Severity          Description                  Violations  
---------  ----------------  ---------------------------  ----------  
TIMING-17  Critical Warning  Non-clocked sequential cell  13          

Note: This report is based on the most recent report_methodology run and may not be up-to-date. Run report_methodology on the current design for the latest report.



check_timing report

Table of Contents
-----------------
1. checking no_clock (13)
2. checking constant_clock (0)
3. checking pulse_width_clock (0)
4. checking unconstrained_internal_endpoints (30)
5. checking no_input_delay (2)
6. checking no_output_delay (7)
7. checking multiple_clock (0)
8. checking generated_clocks (0)
9. checking loops (0)
10. checking partial_input_delay (0)
11. checking partial_output_delay (0)
12. checking latch_loops (0)

1. checking no_clock (13)
-------------------------
 There are 13 register/latch pins with no clock driven by root clock pin: clk (HIGH)


2. checking constant_clock (0)
------------------------------
 There are 0 register/latch pins with constant_clock.


3. checking pulse_width_clock (0)
---------------------------------
 There are 0 register/latch pins which need pulse_width check


4. checking unconstrained_internal_endpoints (30)
-------------------------------------------------
 There are 30 pins that are not constrained for maximum delay. (HIGH)

 There are 0 pins that are not constrained for maximum delay due to constant clock.


5. checking no_input_delay (2)
------------------------------
 There are 2 input ports with no input delay specified. (HIGH)

 There are 0 input ports with no input delay but user has a false path constraint.


6. checking no_output_delay (7)
-------------------------------
 There are 7 ports with no output delay specified. (HIGH)

 There are 0 ports with no output delay but user has a false path constraint

 There are 0 ports with no output delay but with a timing clock defined on it or propagating through it


7. checking multiple_clock (0)
------------------------------
 There are 0 register/latch pins with multiple clocks.


8. checking generated_clocks (0)
--------------------------------
 There are 0 generated clocks that are not connected to a clock source.


9. checking loops (0)
---------------------
 There are 0 combinational loops in the design.


10. checking partial_input_delay (0)
------------------------------------
 There are 0 input ports with partial input delay specified.


11. checking partial_output_delay (0)
-------------------------------------
 There are 0 ports with partial output delay specified.


12. checking latch_loops (0)
----------------------------
 There are 0 combinational latch loops in the design through latch input



------------------------------------------------------------------------------------------------
| Design Timing Summary
| ---------------------
------------------------------------------------------------------------------------------------

    WNS(ns)      TNS(ns)  TNS Failing Endpoints  TNS Total Endpoints      WHS(ns)      THS(ns)  THS Failing Endpoints  THS Total Endpoints     WPWS(ns)     TPWS(ns)  TPWS Failing Endpoints  TPWS Total Endpoints  
    -------      -------  ---------------------  -------------------      -------      -------  ---------------------  -------------------     --------     --------  ----------------------  --------------------  
        inf        0.000                      0                   37          inf        0.000                      0                   37           NA           NA                      NA                    NA  


There are no user specified timing constraints.


------------------------------------------------------------------------------------------------
| Clock Summary
| -------------
------------------------------------------------------------------------------------------------


------------------------------------------------------------------------------------------------
| Intra Clock Table
| -----------------
------------------------------------------------------------------------------------------------

Clock             WNS(ns)      TNS(ns)  TNS Failing Endpoints  TNS Total Endpoints      WHS(ns)      THS(ns)  THS Failing Endpoints  THS Total Endpoints     WPWS(ns)     TPWS(ns)  TPWS Failing Endpoints  TPWS Total Endpoints  
-----             -------      -------  ---------------------  -------------------      -------      -------  ---------------------  -------------------     --------     --------  ----------------------  --------------------  


------------------------------------------------------------------------------------------------
| Inter Clock Table
| -----------------
------------------------------------------------------------------------------------------------

From Clock    To Clock          WNS(ns)      TNS(ns)  TNS Failing Endpoints  TNS Total Endpoints      WHS(ns)      THS(ns)  THS Failing Endpoints  THS Total Endpoints  
----------    --------          -------      -------  ---------------------  -------------------      -------      -------  ---------------------  -------------------  


------------------------------------------------------------------------------------------------
| Other Path Groups Table
| -----------------------
------------------------------------------------------------------------------------------------

Path Group    From Clock    To Clock          WNS(ns)      TNS(ns)  TNS Failing Endpoints  TNS Total Endpoints      WHS(ns)      THS(ns)  THS Failing Endpoints  THS Total Endpoints  
----------    ----------    --------          -------      -------  ---------------------  -------------------      -------      -------  ---------------------  -------------------  


------------------------------------------------------------------------------------------------
| User Ignored Path Table
| -----------------------
------------------------------------------------------------------------------------------------

Path Group    From Clock    To Clock    
----------    ----------    --------    


------------------------------------------------------------------------------------------------
| Unconstrained Path Table
| ------------------------
------------------------------------------------------------------------------------------------

Path Group    From Clock    To Clock    
----------    ----------    --------    
(none)                                    


------------------------------------------------------------------------------------------------
| Timing Details
| --------------
------------------------------------------------------------------------------------------------


--------------------------------------------------------------------------------------
Path Group:  (none)
From Clock:  
  To Clock:  

Max Delay            37 Endpoints
Min Delay            37 Endpoints
--------------------------------------------------------------------------------------


Max Delay Paths
--------------------------------------------------------------------------------------
Slack:                    inf
  Source:                 seg_reg[4]/C
                            (rising edge-triggered cell FDCE)
  Destination:            seg[4]
                            (output port)
  Path Group:             (none)
  Path Type:              Max at Slow Process Corner
  Data Path Delay:        6.254ns  (logic 4.188ns (66.973%)  route 2.065ns (33.027%))
  Logic Levels:           2  (FDCE=1 OBUF=1)

    Location             Delay type                Incr(ns)  Path(ns)    Netlist Resource(s)
  -------------------------------------------------------------------    -------------------
    SLICE_X84Y105        FDCE                         0.000     0.000 r  seg_reg[4]/C
    SLICE_X84Y105        FDCE (Prop_fdce_C_Q)         0.478     0.478 r  seg_reg[4]/Q
                         net (fo=1, routed)           2.065     2.543    seg_OBUF[4]
    N3                   OBUF (Prop_obuf_I_O)         3.710     6.254 r  seg_OBUF[4]_inst/O
                         net (fo=0)                   0.000     6.254    seg[4]
    N3                                                                r  seg[4] (OUT)
  -------------------------------------------------------------------    -------------------

Slack:                    inf
  Source:                 seg_reg[5]/C
                            (rising edge-triggered cell FDCE)
  Destination:            seg[5]
                            (output port)
  Path Group:             (none)
  Path Type:              Max at Slow Process Corner
  Data Path Delay:        6.147ns  (logic 4.067ns (66.160%)  route 2.080ns (33.840%))
  Logic Levels:           2  (FDCE=1 OBUF=1)

    Location             Delay type                Incr(ns)  Path(ns)    Netlist Resource(s)
  -------------------------------------------------------------------    -------------------
    SLICE_X84Y105        FDCE                         0.000     0.000 r  seg_reg[5]/C
    SLICE_X84Y105        FDCE (Prop_fdce_C_Q)         0.518     0.518 r  seg_reg[5]/Q
                         net (fo=1, routed)           2.080     2.598    seg_OBUF[5]
    T5                   OBUF (Prop_obuf_I_O)         3.549     6.147 r  seg_OBUF[5]_inst/O
                         net (fo=0)                   0.000     6.147    seg[5]
    T5                                                                r  seg[5] (OUT)
  -------------------------------------------------------------------    -------------------

Slack:                    inf
  Source:                 seg_reg[1]/C
                            (rising edge-triggered cell FDCE)
  Destination:            seg[1]
                            (output port)
  Path Group:             (none)
  Path Type:              Max at Slow Process Corner
  Data Path Delay:        6.123ns  (logic 4.071ns (66.480%)  route 2.052ns (33.520%))
  Logic Levels:           2  (FDCE=1 OBUF=1)

    Location             Delay type                Incr(ns)  Path(ns)    Netlist Resource(s)
  -------------------------------------------------------------------    -------------------
    SLICE_X84Y105        FDCE                         0.000     0.000 r  seg_reg[1]/C
    SLICE_X84Y105        FDCE (Prop_fdce_C_Q)         0.518     0.518 r  seg_reg[1]/Q
                         net (fo=1, routed)           2.052     2.570    seg_OBUF[1]
    P1                   OBUF (Prop_obuf_I_O)         3.553     6.123 r  seg_OBUF[1]_inst/O
                         net (fo=0)                   0.000     6.123    seg[1]
    P1                                                                r  seg[1] (OUT)
  -------------------------------------------------------------------    -------------------

Slack:                    inf
  Source:                 seg_reg[6]/C
                            (rising edge-triggered cell FDCE)
  Destination:            seg[6]
                            (output port)
  Path Group:             (none)
  Path Type:              Max at Slow Process Corner
  Data Path Delay:        6.078ns  (logic 4.202ns (69.140%)  route 1.876ns (30.860%))
  Logic Levels:           2  (FDCE=1 OBUF=1)

    Location             Delay type                Incr(ns)  Path(ns)    Netlist Resource(s)
  -------------------------------------------------------------------    -------------------
    SLICE_X84Y105        FDCE                         0.000     0.000 r  seg_reg[6]/C
    SLICE_X84Y105        FDCE (Prop_fdce_C_Q)         0.478     0.478 r  seg_reg[6]/Q
                         net (fo=1, routed)           1.876     2.354    seg_OBUF[6]
    R2                   OBUF (Prop_obuf_I_O)         3.724     6.078 r  seg_OBUF[6]_inst/O
                         net (fo=0)                   0.000     6.078    seg[6]
    R2                                                                r  seg[6] (OUT)
  -------------------------------------------------------------------    -------------------

Slack:                    inf
  Source:                 seg_reg[2]/C
                            (rising edge-triggered cell FDCE)
  Destination:            seg[2]
                            (output port)
  Path Group:             (none)
  Path Type:              Max at Slow Process Corner
  Data Path Delay:        5.978ns  (logic 4.062ns (67.950%)  route 1.916ns (32.050%))
  Logic Levels:           2  (FDCE=1 OBUF=1)

    Location             Delay type                Incr(ns)  Path(ns)    Netlist Resource(s)
  -------------------------------------------------------------------    -------------------
    SLICE_X84Y105        FDCE                         0.000     0.000 r  seg_reg[2]/C
    SLICE_X84Y105        FDCE (Prop_fdce_C_Q)         0.518     0.518 r  seg_reg[2]/Q
                         net (fo=1, routed)           1.916     2.434    seg_OBUF[2]
    P3                   OBUF (Prop_obuf_I_O)         3.544     5.978 r  seg_OBUF[2]_inst/O
                         net (fo=0)                   0.000     5.978    seg[2]
    P3                                                                r  seg[2] (OUT)
  -------------------------------------------------------------------    -------------------

Slack:                    inf
  Source:                 seg_reg[7]/C
                            (rising edge-triggered cell FDCE)
  Destination:            seg[7]
                            (output port)
  Path Group:             (none)
  Path Type:              Max at Slow Process Corner
  Data Path Delay:        5.907ns  (logic 4.051ns (68.577%)  route 1.856ns (31.423%))
  Logic Levels:           2  (FDCE=1 OBUF=1)

    Location             Delay type                Incr(ns)  Path(ns)    Netlist Resource(s)
  -------------------------------------------------------------------    -------------------
    SLICE_X84Y105        FDCE                         0.000     0.000 r  seg_reg[7]/C
    SLICE_X84Y105        FDCE (Prop_fdce_C_Q)         0.518     0.518 r  seg_reg[7]/Q
                         net (fo=1, routed)           1.856     2.374    seg_OBUF[7]
    R4                   OBUF (Prop_obuf_I_O)         3.533     5.907 r  seg_OBUF[7]_inst/O
                         net (fo=0)                   0.000     5.907    seg[7]
    R4                                                                r  seg[7] (OUT)
  -------------------------------------------------------------------    -------------------

Slack:                    inf
  Source:                 seg_reg[3]/C
                            (rising edge-triggered cell FDCE)
  Destination:            seg[3]
                            (output port)
  Path Group:             (none)
  Path Type:              Max at Slow Process Corner
  Data Path Delay:        5.849ns  (logic 4.175ns (71.384%)  route 1.674ns (28.616%))
  Logic Levels:           2  (FDCE=1 OBUF=1)

    Location             Delay type                Incr(ns)  Path(ns)    Netlist Resource(s)
  -------------------------------------------------------------------    -------------------
    SLICE_X84Y105        FDCE                         0.000     0.000 r  seg_reg[3]/C
    SLICE_X84Y105        FDCE (Prop_fdce_C_Q)         0.478     0.478 r  seg_reg[3]/Q
                         net (fo=1, routed)           1.674     2.152    seg_OBUF[3]
    P7                   OBUF (Prop_obuf_I_O)         3.697     5.849 r  seg_OBUF[3]_inst/O
                         net (fo=0)                   0.000     5.849    seg[3]
    P7                                                                r  seg[3] (OUT)
  -------------------------------------------------------------------    -------------------

Slack:                    inf
  Source:                 rst
                            (input port)
  Destination:            O1/btn_reg_reg/CLR
  Path Group:             (none)
  Path Type:              Max at Slow Process Corner
  Data Path Delay:        4.122ns  (logic 1.648ns (39.974%)  route 2.475ns (60.026%))
  Logic Levels:           2  (IBUF=1 LUT1=1)

    Location             Delay type                Incr(ns)  Path(ns)    Netlist Resource(s)
  -------------------------------------------------------------------    -------------------
    Y1                                                0.000     0.000 r  rst (IN)
                         net (fo=0)                   0.000     0.000    rst
    Y1                   IBUF (Prop_ibuf_I_O)         1.524     1.524 r  rst_IBUF_inst/O
                         net (fo=1, routed)           1.591     3.114    O1/rst_IBUF
    SLICE_X85Y99         LUT1 (Prop_lut1_I0_O)        0.124     3.238 f  O1/btn_reg_i_1/O
                         net (fo=13, routed)          0.884     4.122    O1/rst
    SLICE_X85Y106        FDCE                                         f  O1/btn_reg_reg/CLR
  -------------------------------------------------------------------    -------------------

Slack:                    inf
  Source:                 rst
                            (input port)
  Destination:            O1/btn_trig_reg/CLR
  Path Group:             (none)
  Path Type:              Max at Slow Process Corner
  Data Path Delay:        4.122ns  (logic 1.648ns (39.974%)  route 2.475ns (60.026%))
  Logic Levels:           2  (IBUF=1 LUT1=1)

    Location             Delay type                Incr(ns)  Path(ns)    Netlist Resource(s)
  -------------------------------------------------------------------    -------------------
    Y1                                                0.000     0.000 r  rst (IN)
                         net (fo=0)                   0.000     0.000    rst
    Y1                   IBUF (Prop_ibuf_I_O)         1.524     1.524 r  rst_IBUF_inst/O
                         net (fo=1, routed)           1.591     3.114    O1/rst_IBUF
    SLICE_X85Y99         LUT1 (Prop_lut1_I0_O)        0.124     3.238 f  O1/btn_reg_i_1/O
                         net (fo=13, routed)          0.884     4.122    O1/rst
    SLICE_X85Y106        FDCE                                         f  O1/btn_trig_reg/CLR
  -------------------------------------------------------------------    -------------------

Slack:                    inf
  Source:                 rst
                            (input port)
  Destination:            state_reg[0]/CLR
  Path Group:             (none)
  Path Type:              Max at Slow Process Corner
  Data Path Delay:        4.122ns  (logic 1.648ns (39.974%)  route 2.475ns (60.026%))
  Logic Levels:           2  (IBUF=1 LUT1=1)

    Location             Delay type                Incr(ns)  Path(ns)    Netlist Resource(s)
  -------------------------------------------------------------------    -------------------
    Y1                                                0.000     0.000 r  rst (IN)
                         net (fo=0)                   0.000     0.000    rst
    Y1                   IBUF (Prop_ibuf_I_O)         1.524     1.524 r  rst_IBUF_inst/O
                         net (fo=1, routed)           1.591     3.114    O1/rst_IBUF
    SLICE_X85Y99         LUT1 (Prop_lut1_I0_O)        0.124     3.238 f  O1/btn_reg_i_1/O
                         net (fo=13, routed)          0.884     4.122    O1_n_0
    SLICE_X84Y106        FDCE                                         f  state_reg[0]/CLR
  -------------------------------------------------------------------    -------------------





Min Delay Paths
--------------------------------------------------------------------------------------
Slack:                    inf
  Source:                 O1/btn_reg_reg/C
                            (rising edge-triggered cell FDCE)
  Destination:            O1/btn_trig_reg/D
  Path Group:             (none)
  Path Type:              Min at Fast Process Corner
  Data Path Delay:        0.281ns  (logic 0.227ns (80.665%)  route 0.054ns (19.335%))
  Logic Levels:           2  (FDCE=1 LUT2=1)

    Location             Delay type                Incr(ns)  Path(ns)    Netlist Resource(s)
  -------------------------------------------------------------------    -------------------
    SLICE_X85Y106        FDCE                         0.000     0.000 r  O1/btn_reg_reg/C
    SLICE_X85Y106        FDCE (Prop_fdce_C_Q)         0.128     0.128 f  O1/btn_reg_reg/Q
                         net (fo=1, routed)           0.054     0.182    O1/btn_reg
    SLICE_X85Y106        LUT2 (Prop_lut2_I1_O)        0.099     0.281 r  O1/btn_trig_i_1/O
                         net (fo=1, routed)           0.000     0.281    O1/btn_trig_i_1_n_0
    SLICE_X85Y106        FDCE                                         r  O1/btn_trig_reg/D
  -------------------------------------------------------------------    -------------------

Slack:                    inf
  Source:                 O1/btn_trig_reg/C
                            (rising edge-triggered cell FDCE)
  Destination:            state_reg[0]/CE
  Path Group:             (none)
  Path Type:              Min at Fast Process Corner
  Data Path Delay:        0.311ns  (logic 0.141ns (45.298%)  route 0.170ns (54.702%))
  Logic Levels:           1  (FDCE=1)

    Location             Delay type                Incr(ns)  Path(ns)    Netlist Resource(s)
  -------------------------------------------------------------------    -------------------
    SLICE_X85Y106        FDCE                         0.000     0.000 r  O1/btn_trig_reg/C
    SLICE_X85Y106        FDCE (Prop_fdce_C_Q)         0.141     0.141 r  O1/btn_trig_reg/Q
                         net (fo=4, routed)           0.170     0.311    btn_trig
    SLICE_X84Y106        FDCE                                         r  state_reg[0]/CE
  -------------------------------------------------------------------    -------------------

Slack:                    inf
  Source:                 O1/btn_trig_reg/C
                            (rising edge-triggered cell FDCE)
  Destination:            state_reg[1]/CE
  Path Group:             (none)
  Path Type:              Min at Fast Process Corner
  Data Path Delay:        0.311ns  (logic 0.141ns (45.298%)  route 0.170ns (54.702%))
  Logic Levels:           1  (FDCE=1)

    Location             Delay type                Incr(ns)  Path(ns)    Netlist Resource(s)
  -------------------------------------------------------------------    -------------------
    SLICE_X85Y106        FDCE                         0.000     0.000 r  O1/btn_trig_reg/C
    SLICE_X85Y106        FDCE (Prop_fdce_C_Q)         0.141     0.141 r  O1/btn_trig_reg/Q
                         net (fo=4, routed)           0.170     0.311    btn_trig
    SLICE_X84Y106        FDCE                                         r  state_reg[1]/CE
  -------------------------------------------------------------------    -------------------

Slack:                    inf
  Source:                 O1/btn_trig_reg/C
                            (rising edge-triggered cell FDCE)
  Destination:            state_reg[2]/CE
  Path Group:             (none)
  Path Type:              Min at Fast Process Corner
  Data Path Delay:        0.311ns  (logic 0.141ns (45.298%)  route 0.170ns (54.702%))
  Logic Levels:           1  (FDCE=1)

    Location             Delay type                Incr(ns)  Path(ns)    Netlist Resource(s)
  -------------------------------------------------------------------    -------------------
    SLICE_X85Y106        FDCE                         0.000     0.000 r  O1/btn_trig_reg/C
    SLICE_X85Y106        FDCE (Prop_fdce_C_Q)         0.141     0.141 r  O1/btn_trig_reg/Q
                         net (fo=4, routed)           0.170     0.311    btn_trig
    SLICE_X84Y106        FDCE                                         r  state_reg[2]/CE
  -------------------------------------------------------------------    -------------------

Slack:                    inf
  Source:                 O1/btn_trig_reg/C
                            (rising edge-triggered cell FDCE)
  Destination:            state_reg[3]/CE
  Path Group:             (none)
  Path Type:              Min at Fast Process Corner
  Data Path Delay:        0.311ns  (logic 0.141ns (45.298%)  route 0.170ns (54.702%))
  Logic Levels:           1  (FDCE=1)

    Location             Delay type                Incr(ns)  Path(ns)    Netlist Resource(s)
  -------------------------------------------------------------------    -------------------
    SLICE_X85Y106        FDCE                         0.000     0.000 r  O1/btn_trig_reg/C
    SLICE_X85Y106        FDCE (Prop_fdce_C_Q)         0.141     0.141 r  O1/btn_trig_reg/Q
                         net (fo=4, routed)           0.170     0.311    btn_trig
    SLICE_X84Y106        FDCE                                         r  state_reg[3]/CE
  -------------------------------------------------------------------    -------------------

Slack:                    inf
  Source:                 state_reg[0]/C
                            (rising edge-triggered cell FDCE)
  Destination:            state_reg[2]/D
  Path Group:             (none)
  Path Type:              Min at Fast Process Corner
  Data Path Delay:        0.393ns  (logic 0.207ns (52.626%)  route 0.186ns (47.374%))
  Logic Levels:           2  (FDCE=1 LUT3=1)

    Location             Delay type                Incr(ns)  Path(ns)    Netlist Resource(s)
  -------------------------------------------------------------------    -------------------
    SLICE_X84Y106        FDCE                         0.000     0.000 r  state_reg[0]/C
    SLICE_X84Y106        FDCE (Prop_fdce_C_Q)         0.164     0.164 r  state_reg[0]/Q
                         net (fo=11, routed)          0.186     0.350    state_reg[0]
    SLICE_X84Y106        LUT3 (Prop_lut3_I2_O)        0.043     0.393 r  state[2]_i_1/O
                         net (fo=1, routed)           0.000     0.393    state[2]_i_1_n_0
    SLICE_X84Y106        FDCE                                         r  state_reg[2]/D
  -------------------------------------------------------------------    -------------------

Slack:                    inf
  Source:                 state_reg[0]/C
                            (rising edge-triggered cell FDCE)
  Destination:            state_reg[3]/D
  Path Group:             (none)
  Path Type:              Min at Fast Process Corner
  Data Path Delay:        0.393ns  (logic 0.207ns (52.626%)  route 0.186ns (47.374%))
  Logic Levels:           2  (FDCE=1 LUT4=1)

    Location             Delay type                Incr(ns)  Path(ns)    Netlist Resource(s)
  -------------------------------------------------------------------    -------------------
    SLICE_X84Y106        FDCE                         0.000     0.000 r  state_reg[0]/C
    SLICE_X84Y106        FDCE (Prop_fdce_C_Q)         0.164     0.164 r  state_reg[0]/Q
                         net (fo=11, routed)          0.186     0.350    state_reg[0]
    SLICE_X84Y106        LUT4 (Prop_lut4_I2_O)        0.043     0.393 r  state[3]_i_1/O
                         net (fo=1, routed)           0.000     0.393    state[3]_i_1_n_0
    SLICE_X84Y106        FDCE                                         r  state_reg[3]/D
  -------------------------------------------------------------------    -------------------

Slack:                    inf
  Source:                 state_reg[0]/C
                            (rising edge-triggered cell FDCE)
  Destination:            state_reg[0]/D
  Path Group:             (none)
  Path Type:              Min at Fast Process Corner
  Data Path Delay:        0.395ns  (logic 0.209ns (52.866%)  route 0.186ns (47.134%))
  Logic Levels:           2  (FDCE=1 LUT1=1)

    Location             Delay type                Incr(ns)  Path(ns)    Netlist Resource(s)
  -------------------------------------------------------------------    -------------------
    SLICE_X84Y106        FDCE                         0.000     0.000 r  state_reg[0]/C
    SLICE_X84Y106        FDCE (Prop_fdce_C_Q)         0.164     0.164 f  state_reg[0]/Q
                         net (fo=11, routed)          0.186     0.350    state_reg[0]
    SLICE_X84Y106        LUT1 (Prop_lut1_I0_O)        0.045     0.395 r  state[0]_i_1/O
                         net (fo=1, routed)           0.000     0.395    state[0]_i_1_n_0
    SLICE_X84Y106        FDCE                                         r  state_reg[0]/D
  -------------------------------------------------------------------    -------------------

Slack:                    inf
  Source:                 state_reg[0]/C
                            (rising edge-triggered cell FDCE)
  Destination:            state_reg[1]/D
  Path Group:             (none)
  Path Type:              Min at Fast Process Corner
  Data Path Delay:        0.395ns  (logic 0.209ns (52.866%)  route 0.186ns (47.134%))
  Logic Levels:           2  (FDCE=1 LUT4=1)

    Location             Delay type                Incr(ns)  Path(ns)    Netlist Resource(s)
  -------------------------------------------------------------------    -------------------
    SLICE_X84Y106        FDCE                         0.000     0.000 r  state_reg[0]/C
    SLICE_X84Y106        FDCE (Prop_fdce_C_Q)         0.164     0.164 r  state_reg[0]/Q
                         net (fo=11, routed)          0.186     0.350    state_reg[0]
    SLICE_X84Y106        LUT4 (Prop_lut4_I2_O)        0.045     0.395 r  state[1]_i_1/O
                         net (fo=1, routed)           0.000     0.395    state[1]_i_1_n_0
    SLICE_X84Y106        FDCE                                         r  state_reg[1]/D
  -------------------------------------------------------------------    -------------------

Slack:                    inf
  Source:                 state_reg[1]/C
                            (rising edge-triggered cell FDCE)
  Destination:            seg_reg[2]/D
  Path Group:             (none)
  Path Type:              Min at Fast Process Corner
  Data Path Delay:        0.446ns  (logic 0.209ns (46.908%)  route 0.237ns (53.092%))
  Logic Levels:           2  (FDCE=1 LUT4=1)

    Location             Delay type                Incr(ns)  Path(ns)    Netlist Resource(s)
  -------------------------------------------------------------------    -------------------
    SLICE_X84Y106        FDCE                         0.000     0.000 r  state_reg[1]/C
    SLICE_X84Y106        FDCE (Prop_fdce_C_Q)         0.164     0.164 f  state_reg[1]/Q
                         net (fo=10, routed)          0.237     0.401    state_reg[1]
    SLICE_X84Y105        LUT4 (Prop_lut4_I3_O)        0.045     0.446 r  seg[2]_i_1/O
                         net (fo=1, routed)           0.000     0.446    seg[2]_i_1_n_0
    SLICE_X84Y105        FDCE                                         r  seg_reg[2]/D
  -------------------------------------------------------------------    -------------------





