
*** Running vivado
    with args -log DAC.vds -m64 -product Vivado -mode batch -messageDb vivado.pb -notrace -source DAC.tcl



****** Vivado v2022.2 (64-bit)
  **** SW Build 3671981 on Fri Oct 14 05:00:03 MDT 2022
  **** IP Build 3669848 on Fri Oct 14 08:30:02 MDT 2022
    ** Copyright 1986-2022 Xilinx, Inc. All Rights Reserved.

source DAC.tcl -notrace
create_project: Time (s): cpu = 00:00:03 ; elapsed = 00:00:06 . Memory (MB): peak = 372.441 ; gain = 49.949
Command: read_checkpoint -auto_incremental -incremental C:/git/ECE_exp2/week11/DAC/DAC.srcs/utils_1/imports/synth_1/DAC.dcp
INFO: [Vivado 12-5825] Read reference checkpoint from C:/git/ECE_exp2/week11/DAC/DAC.srcs/utils_1/imports/synth_1/DAC.dcp for incremental synthesis
INFO: [Vivado 12-7989] Please ensure there are no constraint changes
Command: synth_design -top DAC -part xc7s75fgga484-1
Starting synth_design
Attempting to get a license for feature 'Synthesis' and/or device 'xc7s75'
INFO: [Common 17-349] Got license for feature 'Synthesis' and/or device 'xc7s75'
INFO: [Device 21-403] Loading part xc7s75fgga484-1
INFO: [Designutils 20-5440] No compile time benefit to using incremental synthesis; A full resynthesis will be run
INFO: [Designutils 20-4379] Flow is switching to default flow due to incremental criteria not met. If you would like to alter this behaviour and have the flow terminate instead, please set the following parameter config_implementation {autoIncr.Synth.RejectBehavior Terminate}
INFO: [Synth 8-7079] Multithreading enabled for synth_design using a maximum of 2 processes.
INFO: [Synth 8-7078] Launching helper process for spawning children vivado processes
INFO: [Synth 8-7075] Helper process launched with PID 13864
INFO: [Synth 8-11241] undeclared symbol 'REGCCE', assumed default net type 'wire' [C:/Xilinx/Vivado/2022.2/data/verilog/src/unimacro/BRAM_SINGLE_MACRO.v:2170]
---------------------------------------------------------------------------------
Starting RTL Elaboration : Time (s): cpu = 00:00:03 ; elapsed = 00:00:07 . Memory (MB): peak = 1188.555 ; gain = 410.004
---------------------------------------------------------------------------------
INFO: [Synth 8-6157] synthesizing module 'DAC' [C:/git/ECE_exp2/week11/DAC/DAC.srcs/sources_1/new/DAC.v:23]
INFO: [Synth 8-6157] synthesizing module 'oneshot_universal' [C:/git/ECE_exp2/week11/DAC/DAC.srcs/sources_1/new/oneshot_universal.v:23]
	Parameter WIDTH bound to: 6 - type: integer 
INFO: [Synth 8-6155] done synthesizing module 'oneshot_universal' (0#1) [C:/git/ECE_exp2/week11/DAC/DAC.srcs/sources_1/new/oneshot_universal.v:23]
INFO: [Synth 8-6157] synthesizing module 'seg_array' [C:/git/ECE_exp2/week11/DAC/DAC.srcs/sources_1/new/seg_array.v:23]
INFO: [Synth 8-6157] synthesizing module 'bin2bcd' [C:/git/ECE_exp2/week11/DAC/DAC.srcs/sources_1/new/bin2bcd.v:23]
INFO: [Synth 8-6155] done synthesizing module 'bin2bcd' (0#1) [C:/git/ECE_exp2/week11/DAC/DAC.srcs/sources_1/new/bin2bcd.v:23]
INFO: [Synth 8-6155] done synthesizing module 'seg_array' (0#1) [C:/git/ECE_exp2/week11/DAC/DAC.srcs/sources_1/new/seg_array.v:23]
INFO: [Synth 8-6157] synthesizing module 'LCD' [C:/git/ECE_exp2/week11/DAC/DAC.srcs/sources_1/new/LCD.v:23]
INFO: [Synth 8-6155] done synthesizing module 'LCD' (0#1) [C:/git/ECE_exp2/week11/DAC/DAC.srcs/sources_1/new/LCD.v:23]
INFO: [Synth 8-155] case statement is not full and has no default [C:/git/ECE_exp2/week11/DAC/DAC.srcs/sources_1/new/DAC.v:55]
INFO: [Synth 8-155] case statement is not full and has no default [C:/git/ECE_exp2/week11/DAC/DAC.srcs/sources_1/new/DAC.v:67]
INFO: [Synth 8-155] case statement is not full and has no default [C:/git/ECE_exp2/week11/DAC/DAC.srcs/sources_1/new/DAC.v:86]
INFO: [Synth 8-6155] done synthesizing module 'DAC' (0#1) [C:/git/ECE_exp2/week11/DAC/DAC.srcs/sources_1/new/DAC.v:23]
WARNING: [Synth 8-7137] Register state_reg in module LCD has both Set and reset with same priority. This may cause simulation mismatches. Consider rewriting code  [C:/git/ECE_exp2/week11/DAC/DAC.srcs/sources_1/new/LCD.v:51]
WARNING: [Synth 8-6014] Unused sequential element dac_ldacn_reg was removed.  [C:/git/ECE_exp2/week11/DAC/DAC.srcs/sources_1/new/DAC.v:115]
WARNING: [Synth 8-7137] Register dac_d_reg in module DAC has both Set and reset with same priority. This may cause simulation mismatches. Consider rewriting code  [C:/git/ECE_exp2/week11/DAC/DAC.srcs/sources_1/new/DAC.v:47]
---------------------------------------------------------------------------------
Finished RTL Elaboration : Time (s): cpu = 00:00:04 ; elapsed = 00:00:09 . Memory (MB): peak = 1281.191 ; gain = 502.641
---------------------------------------------------------------------------------
---------------------------------------------------------------------------------
Start Handling Custom Attributes
---------------------------------------------------------------------------------
---------------------------------------------------------------------------------
Finished Handling Custom Attributes : Time (s): cpu = 00:00:04 ; elapsed = 00:00:10 . Memory (MB): peak = 1281.191 ; gain = 502.641
---------------------------------------------------------------------------------
---------------------------------------------------------------------------------
Finished RTL Optimization Phase 1 : Time (s): cpu = 00:00:04 ; elapsed = 00:00:10 . Memory (MB): peak = 1281.191 ; gain = 502.641
---------------------------------------------------------------------------------
Netlist sorting complete. Time (s): cpu = 00:00:00 ; elapsed = 00:00:00.006 . Memory (MB): peak = 1281.191 ; gain = 0.000
INFO: [Project 1-570] Preparing netlist for logic optimization

Processing XDC Constraints
Initializing timing engine
Parsing XDC File [C:/git/ECE_exp2/week11/DAC/DAC.srcs/constrs_1/new/DAC.xdc]
Finished Parsing XDC File [C:/git/ECE_exp2/week11/DAC/DAC.srcs/constrs_1/new/DAC.xdc]
INFO: [Project 1-236] Implementation specific constraints were found while reading constraint file [C:/git/ECE_exp2/week11/DAC/DAC.srcs/constrs_1/new/DAC.xdc]. These constraints will be ignored for synthesis but will be used in implementation. Impacted constraints are listed in the file [.Xil/DAC_propImpl.xdc].
Resolution: To avoid this warning, move constraints listed in [.Xil/DAC_propImpl.xdc] to another XDC file and exclude this new file from synthesis with the used_in_synthesis property (File Properties dialog in GUI) and re-run elaboration/synthesis.
Completed Processing XDC Constraints

Netlist sorting complete. Time (s): cpu = 00:00:00 ; elapsed = 00:00:00 . Memory (MB): peak = 1347.949 ; gain = 0.000
INFO: [Project 1-111] Unisim Transformation Summary:
No Unisim elements were transformed.

Constraint Validation Runtime : Time (s): cpu = 00:00:00 ; elapsed = 00:00:00.005 . Memory (MB): peak = 1347.949 ; gain = 0.000
INFO: [Designutils 20-5440] No compile time benefit to using incremental synthesis; A full resynthesis will be run
INFO: [Designutils 20-4379] Flow is switching to default flow due to incremental criteria not met. If you would like to alter this behaviour and have the flow terminate instead, please set the following parameter config_implementation {autoIncr.Synth.RejectBehavior Terminate}
INFO: [Synth 8-11241] undeclared symbol 'REGCCE', assumed default net type 'wire' [C:/Xilinx/Vivado/2022.2/data/verilog/src/unimacro/BRAM_SINGLE_MACRO.v:2170]
---------------------------------------------------------------------------------
Finished Constraint Validation : Time (s): cpu = 00:00:09 ; elapsed = 00:00:20 . Memory (MB): peak = 1347.949 ; gain = 569.398
---------------------------------------------------------------------------------
---------------------------------------------------------------------------------
Start Loading Part and Timing Information
---------------------------------------------------------------------------------
Loading part: xc7s75fgga484-1
---------------------------------------------------------------------------------
Finished Loading Part and Timing Information : Time (s): cpu = 00:00:09 ; elapsed = 00:00:20 . Memory (MB): peak = 1347.949 ; gain = 569.398
---------------------------------------------------------------------------------
---------------------------------------------------------------------------------
Start Applying 'set_property' XDC Constraints
---------------------------------------------------------------------------------
---------------------------------------------------------------------------------
Finished applying 'set_property' XDC Constraints : Time (s): cpu = 00:00:09 ; elapsed = 00:00:20 . Memory (MB): peak = 1347.949 ; gain = 569.398
---------------------------------------------------------------------------------
INFO: [Synth 8-802] inferred FSM for state register 'state_reg' in module 'DAC'
---------------------------------------------------------------------------------------------------
                   State |                     New Encoding |                Previous Encoding 
---------------------------------------------------------------------------------------------------
                   DELAY |                              001 |                               00
                 SET_WRN |                              010 |                               01
                 UP_DATA |                              100 |                               10
---------------------------------------------------------------------------------------------------
INFO: [Synth 8-3354] encoded FSM with state register 'state_reg' using encoding 'one-hot' in module 'DAC'
---------------------------------------------------------------------------------
Finished RTL Optimization Phase 2 : Time (s): cpu = 00:00:09 ; elapsed = 00:00:21 . Memory (MB): peak = 1347.949 ; gain = 569.398
---------------------------------------------------------------------------------
---------------------------------------------------------------------------------
Start RTL Component Statistics 
---------------------------------------------------------------------------------
Detailed RTL Component Info : 
+---Adders : 
	   2 Input    8 Bit       Adders := 3     
	   2 Input    4 Bit       Adders := 4     
	   2 Input    3 Bit       Adders := 4     
+---Registers : 
	               12 Bit    Registers := 4     
	                8 Bit    Registers := 7     
	                6 Bit    Registers := 2     
	                3 Bit    Registers := 3     
	                1 Bit    Registers := 5     
+---Muxes : 
	   2 Input   12 Bit        Muxes := 2     
	   2 Input    8 Bit        Muxes := 7     
	   8 Input    8 Bit        Muxes := 2     
	   3 Input    8 Bit        Muxes := 1     
	   6 Input    5 Bit        Muxes := 1     
	   2 Input    4 Bit        Muxes := 4     
	   9 Input    4 Bit        Muxes := 1     
	   2 Input    3 Bit        Muxes := 10    
	   2 Input    1 Bit        Muxes := 11    
	   8 Input    1 Bit        Muxes := 8     
	   3 Input    1 Bit        Muxes := 3     
	   7 Input    1 Bit        Muxes := 1     
---------------------------------------------------------------------------------
Finished RTL Component Statistics 
---------------------------------------------------------------------------------
---------------------------------------------------------------------------------
Start Part Resource Summary
---------------------------------------------------------------------------------
Part Resources:
DSPs: 140 (col length:80)
BRAMs: 180 (col length: RAMB18 80 RAMB36 40)
---------------------------------------------------------------------------------
Finished Part Resource Summary
---------------------------------------------------------------------------------
---------------------------------------------------------------------------------
Start Cross Boundary and Area Optimization
---------------------------------------------------------------------------------
WARNING: [Synth 8-7080] Parallel synthesis criteria is not met
---------------------------------------------------------------------------------
Finished Cross Boundary and Area Optimization : Time (s): cpu = 00:00:12 ; elapsed = 00:00:25 . Memory (MB): peak = 1347.949 ; gain = 569.398
---------------------------------------------------------------------------------
---------------------------------------------------------------------------------
Start Applying XDC Timing Constraints
---------------------------------------------------------------------------------
---------------------------------------------------------------------------------
Finished Applying XDC Timing Constraints : Time (s): cpu = 00:00:15 ; elapsed = 00:00:33 . Memory (MB): peak = 1347.949 ; gain = 569.398
---------------------------------------------------------------------------------
---------------------------------------------------------------------------------
Start Timing Optimization
---------------------------------------------------------------------------------
---------------------------------------------------------------------------------
Finished Timing Optimization : Time (s): cpu = 00:00:15 ; elapsed = 00:00:33 . Memory (MB): peak = 1347.949 ; gain = 569.398
---------------------------------------------------------------------------------
---------------------------------------------------------------------------------
Start Technology Mapping
---------------------------------------------------------------------------------
---------------------------------------------------------------------------------
Finished Technology Mapping : Time (s): cpu = 00:00:15 ; elapsed = 00:00:33 . Memory (MB): peak = 1347.949 ; gain = 569.398
---------------------------------------------------------------------------------
---------------------------------------------------------------------------------
Start IO Insertion
---------------------------------------------------------------------------------
---------------------------------------------------------------------------------
Start Flattening Before IO Insertion
---------------------------------------------------------------------------------
---------------------------------------------------------------------------------
Finished Flattening Before IO Insertion
---------------------------------------------------------------------------------
---------------------------------------------------------------------------------
Start Final Netlist Cleanup
---------------------------------------------------------------------------------
---------------------------------------------------------------------------------
Finished Final Netlist Cleanup
---------------------------------------------------------------------------------
---------------------------------------------------------------------------------
Finished IO Insertion : Time (s): cpu = 00:00:18 ; elapsed = 00:00:39 . Memory (MB): peak = 1347.949 ; gain = 569.398
---------------------------------------------------------------------------------
---------------------------------------------------------------------------------
Start Renaming Generated Instances
---------------------------------------------------------------------------------
---------------------------------------------------------------------------------
Finished Renaming Generated Instances : Time (s): cpu = 00:00:18 ; elapsed = 00:00:39 . Memory (MB): peak = 1347.949 ; gain = 569.398
---------------------------------------------------------------------------------
---------------------------------------------------------------------------------
Start Rebuilding User Hierarchy
---------------------------------------------------------------------------------
---------------------------------------------------------------------------------
Finished Rebuilding User Hierarchy : Time (s): cpu = 00:00:18 ; elapsed = 00:00:39 . Memory (MB): peak = 1347.949 ; gain = 569.398
---------------------------------------------------------------------------------
---------------------------------------------------------------------------------
Start Renaming Generated Ports
---------------------------------------------------------------------------------
---------------------------------------------------------------------------------
Finished Renaming Generated Ports : Time (s): cpu = 00:00:18 ; elapsed = 00:00:39 . Memory (MB): peak = 1347.949 ; gain = 569.398
---------------------------------------------------------------------------------
---------------------------------------------------------------------------------
Start Handling Custom Attributes
---------------------------------------------------------------------------------
---------------------------------------------------------------------------------
Finished Handling Custom Attributes : Time (s): cpu = 00:00:18 ; elapsed = 00:00:39 . Memory (MB): peak = 1347.949 ; gain = 569.398
---------------------------------------------------------------------------------
---------------------------------------------------------------------------------
Start Renaming Generated Nets
---------------------------------------------------------------------------------
---------------------------------------------------------------------------------
Finished Renaming Generated Nets : Time (s): cpu = 00:00:18 ; elapsed = 00:00:39 . Memory (MB): peak = 1347.949 ; gain = 569.398
---------------------------------------------------------------------------------
---------------------------------------------------------------------------------
Start Writing Synthesis Report
---------------------------------------------------------------------------------

Report BlackBoxes: 
+-+--------------+----------+
| |BlackBox name |Instances |
+-+--------------+----------+
+-+--------------+----------+

Report Cell Usage: 
+------+-------+------+
|      |Cell   |Count |
+------+-------+------+
|1     |BUFG   |     1|
|2     |CARRY4 |     2|
|3     |LUT1   |     3|
|4     |LUT2   |    27|
|5     |LUT3   |    14|
|6     |LUT4   |    22|
|7     |LUT5   |    38|
|8     |LUT6   |    53|
|9     |FDCE   |   106|
|10    |FDPE   |    14|
|11    |FDRE   |     9|
|12    |IBUF   |     9|
|13    |OBUF   |    47|
+------+-------+------+
---------------------------------------------------------------------------------
Finished Writing Synthesis Report : Time (s): cpu = 00:00:18 ; elapsed = 00:00:39 . Memory (MB): peak = 1347.949 ; gain = 569.398
---------------------------------------------------------------------------------
Synthesis finished with 0 errors, 0 critical warnings and 1 warnings.
Synthesis Optimization Runtime : Time (s): cpu = 00:00:13 ; elapsed = 00:00:37 . Memory (MB): peak = 1347.949 ; gain = 502.641
Synthesis Optimization Complete : Time (s): cpu = 00:00:18 ; elapsed = 00:00:39 . Memory (MB): peak = 1347.949 ; gain = 569.398
INFO: [Project 1-571] Translating synthesized netlist
Netlist sorting complete. Time (s): cpu = 00:00:00 ; elapsed = 00:00:00.004 . Memory (MB): peak = 1347.949 ; gain = 0.000
INFO: [Netlist 29-17] Analyzing 2 Unisim elements for replacement
INFO: [Netlist 29-28] Unisim Transformation completed in 0 CPU seconds
INFO: [Project 1-570] Preparing netlist for logic optimization
INFO: [Opt 31-138] Pushed 0 inverter(s) to 0 load pin(s).
Netlist sorting complete. Time (s): cpu = 00:00:00 ; elapsed = 00:00:00 . Memory (MB): peak = 1347.949 ; gain = 0.000
INFO: [Project 1-111] Unisim Transformation Summary:
No Unisim elements were transformed.

Synth Design complete, checksum: 17669db0
INFO: [Common 17-83] Releasing license: Synthesis
38 Infos, 4 Warnings, 0 Critical Warnings and 0 Errors encountered.
synth_design completed successfully
synth_design: Time (s): cpu = 00:00:21 ; elapsed = 00:00:46 . Memory (MB): peak = 1347.949 ; gain = 950.625
INFO: [Common 17-1381] The checkpoint 'C:/git/ECE_exp2/week11/DAC/DAC.runs/synth_1/DAC.dcp' has been generated.
INFO: [runtcl-4] Executing : report_utilization -file DAC_utilization_synth.rpt -pb DAC_utilization_synth.pb
INFO: [Common 17-206] Exiting Vivado at Mon Nov 20 09:46:41 2023...
